Using pre-set license
Built from '2020.2/staging' branch; Version is '2020.2.6f1 (8a2143876886) revision 9052483'; Using compiler version '192528614'; Build Type 'Release'
OS: 'Windows 10 Pro; OS build 18363.1379; Version 1909; 64bit' Language: 'de' Physical Memory: 16352 MB
BatchMode: 1, IsHumanControllingUs: 0, StartBugReporterOnCrash: 0, Is64bit: 1, IsPro: 0

 COMMAND LINE ARGUMENTS:
C:\Program Files\Unity\Hub\Editor\2020.2.6f1\Editor\Unity.exe
-adb2
-batchMode
-noUpm
-name
AssetImportWorker0
-projectPath
C:/Users/Jonas/Desktop/UnityProject21/UnityWorkspace/Pokuwu
-logFile
Logs/AssetImportWorker0.log
-srvPort
51730
Successfully changed project path to: C:/Users/Jonas/Desktop/UnityProject21/UnityWorkspace/Pokuwu
C:/Users/Jonas/Desktop/UnityProject21/UnityWorkspace/Pokuwu
Using Asset Import Pipeline V2.
Refreshing native plugins compatible for Editor in 50.95 ms, found 1 plugins.
Preloading 0 native plugins for Editor in 0.00 ms.
Initialize engine version: 2020.2.6f1 (8a2143876886)
[Subsystems] Discovering subsystems at path C:/Program Files/Unity/Hub/Editor/2020.2.6f1/Editor/Data/Resources/UnitySubsystems
[Subsystems] Discovering subsystems at path C:/Users/Jonas/Desktop/UnityProject21/UnityWorkspace/Pokuwu/Assets
GfxDevice: creating device client; threaded=0
Direct3D:
    Version:  Direct3D 11.0 [level 11.1]
    Renderer: NVIDIA GeForce GTX 1060 6GB (ID=0x1c03)
    Vendor:   
    VRAM:     6052 MB
    Driver:   27.21.14.6109
Initialize mono
Mono path[0] = 'C:/Program Files/Unity/Hub/Editor/2020.2.6f1/Editor/Data/Managed'
Mono path[1] = 'C:/Program Files/Unity/Hub/Editor/2020.2.6f1/Editor/Data/MonoBleedingEdge/lib/mono/unityjit'
Mono config path = 'C:/Program Files/Unity/Hub/Editor/2020.2.6f1/Editor/Data/MonoBleedingEdge/etc'
Using monoOptions --debugger-agent=transport=dt_socket,embedding=1,server=y,suspend=n,address=127.0.0.1:56092
Begin MonoManager ReloadAssembly
Registering precompiled unity dll's ...
Register platform support module: C:/Program Files/Unity/Hub/Editor/2020.2.6f1/Editor/Data/PlaybackEngines/WindowsStandaloneSupport/UnityEditor.WindowsStandalone.Extensions.dll
Registered in 0.002158 seconds.
Native extension for WindowsStandalone target not found
Refreshing native plugins compatible for Editor in 65.64 ms, found 1 plugins.
Preloading 0 native plugins for Editor in 0.00 ms.
Invoked RoslynAnalysisRunner static constructor.
RoslynAnalysisRunner will not be running.
RoslynAnalysisRunner has terminated.
Mono: successfully reloaded assembly
- Completed reload, in  1.191 seconds
Platform modules already initialized, skipping
Registering precompiled user dll's ...
Registered in 0.003214 seconds.
Begin MonoManager ReloadAssembly
Native extension for WindowsStandalone target not found
Refreshing native plugins compatible for Editor in 53.11 ms, found 1 plugins.
Preloading 0 native plugins for Editor in 0.00 ms.
Invoked RoslynAnalysisRunner static constructor.
RoslynAnalysisRunner will not be running.
RoslynAnalysisRunner has terminated.
Find all reader and writers took 114 milliseconds
Script Module: UnityEngine.UI.dll
Weave behaviours and messages took75 milliseconds
Find all reader and writers took 93 milliseconds
Script Module: UnityEngine.TestRunner.dll
Weave behaviours and messages took28 milliseconds
Find all reader and writers took 98 milliseconds
Script Module: Unity.Mathematics.dll
Weave behaviours and messages took184 milliseconds
Find all reader and writers took 112 milliseconds
Script Module: Unity.InputSystem.dll
Weave behaviours and messages took203 milliseconds
Find all reader and writers took 87 milliseconds
Script Module: Unity.2D.Animation.Triangle.Runtime.dll
Weave behaviours and messages took36 milliseconds
Find all reader and writers took 95 milliseconds
Script Module: SimpleWebTransport.dll
Weave behaviours and messages took9 milliseconds
Find all reader and writers took 93 milliseconds
Script Module: Unity.Timeline.dll
Weave behaviours and messages took29 milliseconds
Find all reader and writers took 96 milliseconds
Script Module: Mirror.Examples.dll
[Projectile] NetworkBehaviourProcessor
[Tank] NetworkBehaviourProcessor
[NetworkRoomPlayer] NetworkBehaviourProcessor
[NetworkRoomPlayerExt] NetworkBehaviourProcessor
[PlayerController] NetworkBehaviourProcessor
[PlayerScore] NetworkBehaviourProcessor
[RandomColor] NetworkBehaviourProcessor
[Reward] NetworkBehaviourProcessor
[AddForce] NetworkBehaviourProcessor
[Ball] NetworkBehaviourProcessor
[Player] NetworkBehaviourProcessor
[MatchController] NetworkBehaviourProcessor
[PhysicsCollision] NetworkBehaviourProcessor
[PlayerController] NetworkBehaviourProcessor
[PlayerScore] NetworkBehaviourProcessor
[RandomColor] NetworkBehaviourProcessor
[Reward] NetworkBehaviourProcessor
[Player] NetworkBehaviourProcessor
[MonsterMovement] NetworkBehaviourProcessor
[PlayerMovement] NetworkBehaviourProcessor
[Player] NetworkBehaviourProcessor
[PlayerController] NetworkBehaviourProcessor
[RandomColor] NetworkBehaviourProcessor
[ShootingTankBehaviour] NetworkBehaviourProcessor
Weave behaviours and messages took70 milliseconds
  ProcessSitesModule Mirror.Examples.dll elapsed time:00:00:00.0119676
Find all reader and writers took 98 milliseconds
Script Module: Mirror.Components.dll
[NetworkAnimator] NetworkBehaviourProcessor
[NetworkRoomPlayer] NetworkBehaviourProcessor
[NetworkLobbyPlayer] NetworkBehaviourProcessor
[NetworkVisibility] NetworkBehaviourProcessor
[NetworkVisibility] Found NetworkBehaviour Mirror.NetworkVisibility
[NetworkVisibility] Process Start
[NetworkVisibility]   GenerateSerialization
[NetworkVisibility]   GenerateDeSerialization
[NetworkVisibility] Process Done
[NetworkMatchChecker] NetworkBehaviourProcessor
[NetworkVisibility] NetworkBehaviourProcessor
[NetworkOwnerChecker] NetworkBehaviourProcessor
[NetworkVisibility] NetworkBehaviourProcessor
[NetworkProximityChecker] NetworkBehaviourProcessor
[NetworkRoomPlayer] NetworkBehaviourProcessor
[NetworkVisibility] NetworkBehaviourProcessor
[NetworkSceneChecker] NetworkBehaviourProcessor
[NetworkTransformBase] NetworkBehaviourProcessor
[NetworkTransform] NetworkBehaviourProcessor
[NetworkTransformBase] NetworkBehaviourProcessor
[NetworkTransformBase] NetworkBehaviourProcessor
[NetworkTransformChild] NetworkBehaviourProcessor
[NetworkLerpRigidbody] NetworkBehaviourProcessor
[NetworkRigidbody] NetworkBehaviourProcessor
[NetworkRigidbody2D] NetworkBehaviourProcessor
[NetworkTransformBase] NetworkBehaviourProcessor
[NetworkTransform] NetworkBehaviourProcessor
[NetworkTransformBase] NetworkBehaviourProcessor
[NetworkTransformBase] NetworkBehaviourProcessor
[NetworkTransformChild] NetworkBehaviourProcessor
Weave behaviours and messages took50 milliseconds
  ProcessSitesModule Mirror.Components.dll elapsed time:00:00:00.0029926
Find all reader and writers took 121 milliseconds
Script Module: Unity.TextMeshPro.dll
Weave behaviours and messages took95 milliseconds
Find all reader and writers took 91 milliseconds
Script Module: Unity.2D.Animation.Runtime.dll
Weave behaviours and messages took6 milliseconds
Find all reader and writers took 99 milliseconds
Script Module: Unity.2D.IK.Runtime.dll
Weave behaviours and messages took3 milliseconds
Find all reader and writers took 96 milliseconds
Script Module: Unity.2D.SpriteShape.Runtime.dll
Weave behaviours and messages took26 milliseconds
Find all reader and writers took 85 milliseconds
Script Module: Telepathy.dll
Weave behaviours and messages took2 milliseconds
Find all reader and writers took 93 milliseconds
Script Module: Assembly-CSharp.dll
[Character] NetworkBehaviourProcessor
[Movement] NetworkBehaviourProcessor
[Character] NetworkBehaviourProcessor
[Player] NetworkBehaviourProcessor
[Movement] NetworkBehaviourProcessor
[PlayerMovement] NetworkBehaviourProcessor
Weave behaviours and messages took2 milliseconds
Find all reader and writers took 95 milliseconds
Script Module: Mirror.Authenticators.dll
Weave behaviours and messages took28 milliseconds
  ProcessSitesModule Mirror.Authenticators.dll elapsed time:00:00:00.0019944
Find all reader and writers took 90 milliseconds
Script Module: kcp2k.dll
Weave behaviours and messages took5 milliseconds
Find all reader and writers took 96 milliseconds
Script Module: Unity.2D.PixelPerfect.dll
Weave behaviours and messages took1 milliseconds
Find all reader and writers took 95 milliseconds
Script Module: Mirror.Examples.Cloud.GUI.dll
Weave behaviours and messages took3 milliseconds
Find all reader and writers took 91 milliseconds
Script Module: Mirror.Cloud.dll
Weave behaviours and messages took3 milliseconds
Find all reader and writers took 98 milliseconds
Script Module: Mirror.Examples.Cloud.Pong.dll
[Ball] NetworkBehaviourProcessor
[BallManager] NetworkBehaviourProcessor
[Player] NetworkBehaviourProcessor
Weave behaviours and messages took29 milliseconds
  ProcessSitesModule Mirror.Examples.Cloud.Pong.dll elapsed time:00:00:00.0009977
Find all reader and writers took 92 milliseconds
Script Module: Unity.2D.Common.Runtime.dll
Weave behaviours and messages took0 milliseconds
Find all reader and writers took 87 milliseconds
Script Module: Unity.InternalAPIEngineBridge.001.dll
Weave behaviours and messages took0 milliseconds
Find all reader and writers took 129 milliseconds
Script Module: UnityEditor.TestRunner.dll
Weave behaviours and messages took44 milliseconds
Find all reader and writers took 136 milliseconds
Script Module: UnityEditor.UI.dll
Weave behaviours and messages took17 milliseconds
Find all reader and writers took 107 milliseconds
Script Module: PsdPlugin.dll
Weave behaviours and messages took23 milliseconds
Find all reader and writers took 113 milliseconds
Script Module: ParrelSync.dll
Weave behaviours and messages took2 milliseconds
Find all reader and writers took 101 milliseconds
Script Module: Mirror.CompilerSymbols.dll
Weave behaviours and messages took0 milliseconds
Find all reader and writers took 119 milliseconds
Script Module: Unity.InternalAPIEditorBridge.001.dll
Weave behaviours and messages took1 milliseconds
Mono: successfully reloaded assembly
- Completed reload, in 10.241 seconds
Platform modules already initialized, skipping
========================================================================
Worker process is ready to serve import requests
Launched and connected shader compiler UnityShaderCompiler.exe after 0.06 seconds
Refreshing native plugins compatible for Editor in 0.75 ms, found 1 plugins.
Preloading 0 native plugins for Editor in 0.00 ms.
Unloading 2361 Unused Serialized files (Serialized files now loaded: 0)
System memory in use before: 109.3 MB.
System memory in use after: 109.3 MB.

Unloading 31 unused Assets to reduce memory usage. Loaded Objects now: 2813.
Total: 3.733000 ms (FindLiveObjects: 0.212500 ms CreateObjectMapping: 0.105400 ms MarkObjects: 3.226600 ms  DeleteObjects: 0.187300 ms)

========================================================================
Received Import Request.
  path: Assets/Animation/Player.controller
  artifactKey: Guid(bbe6e3c95e913f742a397d97e90d4b3d) Importer(815301076,1909f56bfc062723c751e8b465ee728b)
Start importing Assets/Animation/Player.controller using Guid(bbe6e3c95e913f742a397d97e90d4b3d) Importer(815301076,1909f56bfc062723c751e8b465ee728b)  -> (artifact id: '8b540d5ab96349fcf4be993d38c7b991') in 0.043398 seconds
  Import took 0.047312 seconds .

========================================================================
Received Import Request.
  Time since last request: 168.440912 seconds.
  path: Assets/Animation/Player.controller
  artifactKey: Guid(bbe6e3c95e913f742a397d97e90d4b3d) Importer(815301076,1909f56bfc062723c751e8b465ee728b)
Start importing Assets/Animation/Player.controller using Guid(bbe6e3c95e913f742a397d97e90d4b3d) Importer(815301076,1909f56bfc062723c751e8b465ee728b)  -> (artifact id: '0657f0a8d7c525ad26cc08edd982ef07') in 0.008623 seconds
  Import took 0.016806 seconds .

========================================================================
Received Prepare
Registering precompiled user dll's ...
Registered in 0.002905 seconds.
Begin MonoManager ReloadAssembly
Native extension for WindowsStandalone target not found
Refreshing native plugins compatible for Editor in 0.47 ms, found 1 plugins.
Preloading 0 native plugins for Editor in 0.00 ms.
Invoked RoslynAnalysisRunner static constructor.
RoslynAnalysisRunner will not be running.
RoslynAnalysisRunner has terminated.
Mono: successfully reloaded assembly
- Completed reload, in  1.224 seconds
Platform modules already initialized, skipping
Refreshing native plugins compatible for Editor in 0.47 ms, found 1 plugins.
Preloading 0 native plugins for Editor in 0.00 ms.
Unloading 2355 Unused Serialized files (Serialized files now loaded: 0)
System memory in use before: 109.6 MB.
System memory in use after: 109.7 MB.

Unloading 17 unused Assets to reduce memory usage. Loaded Objects now: 2816.
Total: 2.380500 ms (FindLiveObjects: 0.273700 ms CreateObjectMapping: 0.127100 ms MarkObjects: 1.876200 ms  DeleteObjects: 0.102400 ms)

========================================================================
Received Prepare
Registering precompiled user dll's ...
Registered in 0.003046 seconds.
Begin MonoManager ReloadAssembly
Native extension for WindowsStandalone target not found
Refreshing native plugins compatible for Editor in 0.54 ms, found 1 plugins.
Preloading 0 native plugins for Editor in 0.00 ms.
Invoked RoslynAnalysisRunner static constructor.
RoslynAnalysisRunner will not be running.
RoslynAnalysisRunner has terminated.
Mono: successfully reloaded assembly
- Completed reload, in  1.639 seconds
Platform modules already initialized, skipping
Refreshing native plugins compatible for Editor in 0.47 ms, found 1 plugins.
Preloading 0 native plugins for Editor in 0.00 ms.
Unloading 2355 Unused Serialized files (Serialized files now loaded: 0)
System memory in use before: 109.7 MB.
System memory in use after: 109.8 MB.

Unloading 17 unused Assets to reduce memory usage. Loaded Objects now: 2819.
Total: 2.653100 ms (FindLiveObjects: 0.248200 ms CreateObjectMapping: 0.116400 ms MarkObjects: 2.131700 ms  DeleteObjects: 0.155400 ms)

========================================================================
Received Prepare
Registering precompiled user dll's ...
Registered in 0.003014 seconds.
Begin MonoManager ReloadAssembly
Native extension for WindowsStandalone target not found
Refreshing native plugins compatible for Editor in 1.85 ms, found 1 plugins.
Preloading 0 native plugins for Editor in 0.00 ms.
Invoked RoslynAnalysisRunner static constructor.
RoslynAnalysisRunner will not be running.
RoslynAnalysisRunner has terminated.
Mono: successfully reloaded assembly
- Completed reload, in  1.271 seconds
Platform modules already initialized, skipping
Refreshing native plugins compatible for Editor in 0.50 ms, found 1 plugins.
Preloading 0 native plugins for Editor in 0.00 ms.
Unloading 2355 Unused Serialized files (Serialized files now loaded: 0)
System memory in use before: 109.7 MB.
System memory in use after: 109.8 MB.

Unloading 17 unused Assets to reduce memory usage. Loaded Objects now: 2822.
Total: 2.451000 ms (FindLiveObjects: 0.307400 ms CreateObjectMapping: 0.121600 ms MarkObjects: 1.903100 ms  DeleteObjects: 0.117900 ms)

AssetImportWorkerClient::OnTransportError - code=2 error=End of file
